2023-10-29 21:08:17,225 INFO Initializes the Raft protocol, raft-config info : {}

2023-10-29 21:08:17,702 INFO ========= The raft protocol is starting... =========

2023-10-29 21:08:17,739 INFO ========= The raft protocol start finished... =========

2023-10-29 21:08:17,774 INFO create raft group : naming_persistent_service_v2

2023-10-29 21:08:18,741 INFO This Raft event changes : RaftEvent{groupId='naming_persistent_service_v2', leader='172.20.0.3:7848', term=1, raftClusterInfo=[172.20.0.3:7848]}

2023-10-29 21:08:18,752 INFO create raft group : naming_instance_metadata

2023-10-29 21:08:19,185 INFO This Raft event changes : RaftEvent{groupId='naming_instance_metadata', leader='172.20.0.3:7848', term=1, raftClusterInfo=[172.20.0.3:7848]}

2023-10-29 21:08:19,201 INFO create raft group : naming_service_metadata

2023-10-29 21:08:19,622 INFO This Raft event changes : RaftEvent{groupId='naming_service_metadata', leader='172.20.0.3:7848', term=1, raftClusterInfo=[172.20.0.3:7848]}

2023-10-29 21:08:20,646 ERROR Failed to join the cluster, retry...

java.lang.IllegalStateException: Fail to get leader of group naming_instance_metadata
	at com.alipay.sofa.jraft.core.CliServiceImpl.getPeers(CliServiceImpl.java:605)
	at com.alipay.sofa.jraft.core.CliServiceImpl.getPeers(CliServiceImpl.java:498)
	at com.alibaba.nacos.core.distributed.raft.JRaftServer.registerSelfToCluster(JRaftServer.java:353)
	at com.alibaba.nacos.core.distributed.raft.JRaftServer.lambda$createMultiRaftGroup$0(JRaftServer.java:264)
	at java.util.concurrent.Executors$RunnableAdapter.call(Executors.java:511)
	at java.util.concurrent.FutureTask.run(FutureTask.java:266)
	at java.util.concurrent.ScheduledThreadPoolExecutor$ScheduledFutureTask.access$201(ScheduledThreadPoolExecutor.java:180)
	at java.util.concurrent.ScheduledThreadPoolExecutor$ScheduledFutureTask.run(ScheduledThreadPoolExecutor.java:293)
	at java.util.concurrent.ThreadPoolExecutor.runWorker(ThreadPoolExecutor.java:1149)
	at java.util.concurrent.ThreadPoolExecutor$Worker.run(ThreadPoolExecutor.java:624)
	at java.lang.Thread.run(Thread.java:750)
2023-10-29 21:08:20,646 ERROR Failed to join the cluster, retry...

java.lang.IllegalStateException: Fail to get leader of group naming_persistent_service_v2
	at com.alipay.sofa.jraft.core.CliServiceImpl.getPeers(CliServiceImpl.java:605)
	at com.alipay.sofa.jraft.core.CliServiceImpl.getPeers(CliServiceImpl.java:498)
	at com.alibaba.nacos.core.distributed.raft.JRaftServer.registerSelfToCluster(JRaftServer.java:353)
	at com.alibaba.nacos.core.distributed.raft.JRaftServer.lambda$createMultiRaftGroup$0(JRaftServer.java:264)
	at java.util.concurrent.Executors$RunnableAdapter.call(Executors.java:511)
	at java.util.concurrent.FutureTask.run(FutureTask.java:266)
	at java.util.concurrent.ScheduledThreadPoolExecutor$ScheduledFutureTask.access$201(ScheduledThreadPoolExecutor.java:180)
	at java.util.concurrent.ScheduledThreadPoolExecutor$ScheduledFutureTask.run(ScheduledThreadPoolExecutor.java:293)
	at java.util.concurrent.ThreadPoolExecutor.runWorker(ThreadPoolExecutor.java:1149)
	at java.util.concurrent.ThreadPoolExecutor$Worker.run(ThreadPoolExecutor.java:624)
	at java.lang.Thread.run(Thread.java:750)
2023-10-29 21:11:19,811 INFO shutdown jraft server

2023-10-29 21:11:19,811 INFO ========= The raft protocol is starting to close =========

2023-10-29 21:11:19,881 INFO ========= The raft protocol has been closed =========

