2023-10-29 21:08:12,411 INFO [ClientConnectionEventListenerRegistry] registry listener - ConnectionBasedClientManager

2023-10-29 21:08:16,035 INFO [ClientConnectionEventListenerRegistry] registry listener - ConfigConnectionEventListener

2023-10-29 21:08:16,111 INFO [ClientConnectionEventListenerRegistry] registry listener - RpcAckCallbackInitorOrCleaner

2023-10-29 21:08:16,215 INFO Nacos GrpcSdkServer Rpc server starting at port 9848 and tls config:{"sslProvider":"","enableTls":false,"mutualAuthEnable":false,"trustAll":false,"compatibility":true}

2023-10-29 21:08:16,748 WARN Recommended use 'nacos.remote.server.grpc.sdk.max-inbound-message-size' property instead 'nacos.remote.server.grpc.maxinbound.message.size', now property value is 10485760

2023-10-29 21:08:17,125 INFO Nacos GrpcSdkServer Rpc server started at port 9848 and tls config:{"sslProvider":"","enableTls":false,"mutualAuthEnable":false,"trustAll":false,"compatibility":true}

2023-10-29 21:08:17,129 INFO Nacos GrpcClusterServer Rpc server starting at port 9849 and tls config:{"sslProvider":"","enableTls":false,"mutualAuthEnable":false,"trustAll":false,"compatibility":true}

2023-10-29 21:08:17,130 WARN Recommended use 'nacos.remote.server.grpc.cluster.max-inbound-message-size' property instead 'nacos.remote.server.grpc.maxinbound.message.size', now property value is 10485760

2023-10-29 21:08:17,133 INFO Nacos GrpcClusterServer Rpc server started at port 9849 and tls config:{"sslProvider":"","enableTls":false,"mutualAuthEnable":false,"trustAll":false,"compatibility":true}

2023-10-29 21:11:19,782 INFO Nacos GrpcSdkServer Rpc server stopping

2023-10-29 21:11:19,783 INFO Nacos GrpcClusterServer Rpc server stopping

2023-10-29 21:11:19,796 INFO Nacos GrpcClusterServer Rpc server stopped successfully...

2023-10-29 21:11:19,796 INFO Nacos GrpcSdkServer Rpc server stopped successfully...

2023-10-29 21:11:39,008 INFO [ClientConnectionEventListenerRegistry] registry listener - ConnectionBasedClientManager

2023-10-29 21:11:51,703 INFO [ClientConnectionEventListenerRegistry] registry listener - ConnectionBasedClientManager

2023-10-29 21:12:04,171 INFO [ClientConnectionEventListenerRegistry] registry listener - ConnectionBasedClientManager

2023-10-29 21:12:16,925 INFO [ClientConnectionEventListenerRegistry] registry listener - ConnectionBasedClientManager

2023-10-29 21:12:29,205 INFO [ClientConnectionEventListenerRegistry] registry listener - ConnectionBasedClientManager

2023-10-29 21:12:41,648 INFO [ClientConnectionEventListenerRegistry] registry listener - ConnectionBasedClientManager

2023-10-29 21:12:53,963 INFO [ClientConnectionEventListenerRegistry] registry listener - ConnectionBasedClientManager

2023-10-29 21:13:06,461 INFO [ClientConnectionEventListenerRegistry] registry listener - ConnectionBasedClientManager

2023-10-29 21:13:19,423 INFO [ClientConnectionEventListenerRegistry] registry listener - ConnectionBasedClientManager

2023-10-29 21:13:31,658 INFO [ClientConnectionEventListenerRegistry] registry listener - ConnectionBasedClientManager

2023-10-29 21:13:43,954 INFO [ClientConnectionEventListenerRegistry] registry listener - ConnectionBasedClientManager

2023-10-29 21:19:57,919 INFO [ClientConnectionEventListenerRegistry] registry listener - ConnectionBasedClientManager

2023-10-29 21:20:11,897 INFO [ClientConnectionEventListenerRegistry] registry listener - ConnectionBasedClientManager

2023-10-29 21:20:30,086 INFO [ClientConnectionEventListenerRegistry] registry listener - ConnectionBasedClientManager

2023-10-29 21:20:45,952 INFO [ClientConnectionEventListenerRegistry] registry listener - ConnectionBasedClientManager

2023-10-29 21:21:06,082 INFO [ClientConnectionEventListenerRegistry] registry listener - ConnectionBasedClientManager

2023-10-29 21:21:24,569 INFO [ClientConnectionEventListenerRegistry] registry listener - ConnectionBasedClientManager

2023-10-29 21:21:40,811 INFO [ClientConnectionEventListenerRegistry] registry listener - ConnectionBasedClientManager

2023-10-29 21:21:53,502 INFO [ClientConnectionEventListenerRegistry] registry listener - ConnectionBasedClientManager

2023-10-29 21:22:06,093 INFO [ClientConnectionEventListenerRegistry] registry listener - ConnectionBasedClientManager

2023-10-29 21:22:18,727 INFO [ClientConnectionEventListenerRegistry] registry listener - ConnectionBasedClientManager

2023-10-29 21:22:30,962 INFO [ClientConnectionEventListenerRegistry] registry listener - ConnectionBasedClientManager

2023-10-29 21:22:43,998 INFO [ClientConnectionEventListenerRegistry] registry listener - ConnectionBasedClientManager

2023-10-29 21:22:56,369 INFO [ClientConnectionEventListenerRegistry] registry listener - ConnectionBasedClientManager

2023-10-29 21:23:08,544 INFO [ClientConnectionEventListenerRegistry] registry listener - ConnectionBasedClientManager

2023-10-29 21:23:21,017 INFO [ClientConnectionEventListenerRegistry] registry listener - ConnectionBasedClientManager

2023-10-29 21:24:08,843 INFO [ClientConnectionEventListenerRegistry] registry listener - ConnectionBasedClientManager

2023-10-29 21:24:20,103 INFO [ClientConnectionEventListenerRegistry] registry listener - ConnectionBasedClientManager

2023-10-29 21:24:31,342 INFO [ClientConnectionEventListenerRegistry] registry listener - ConnectionBasedClientManager

2023-10-29 21:24:42,464 INFO [ClientConnectionEventListenerRegistry] registry listener - ConnectionBasedClientManager

2023-10-29 21:24:54,095 INFO [ClientConnectionEventListenerRegistry] registry listener - ConnectionBasedClientManager

2023-10-29 21:25:05,801 INFO [ClientConnectionEventListenerRegistry] registry listener - ConnectionBasedClientManager

2023-10-29 21:25:16,776 INFO [ClientConnectionEventListenerRegistry] registry listener - ConnectionBasedClientManager

2023-10-29 21:25:27,975 INFO [ClientConnectionEventListenerRegistry] registry listener - ConnectionBasedClientManager

2023-10-29 21:25:39,038 INFO [ClientConnectionEventListenerRegistry] registry listener - ConnectionBasedClientManager

2023-10-29 21:25:50,257 INFO [ClientConnectionEventListenerRegistry] registry listener - ConnectionBasedClientManager

2023-10-29 21:26:01,462 INFO [ClientConnectionEventListenerRegistry] registry listener - ConnectionBasedClientManager

2023-10-29 21:26:13,640 INFO [ClientConnectionEventListenerRegistry] registry listener - ConnectionBasedClientManager

2023-10-29 21:26:25,380 INFO [ClientConnectionEventListenerRegistry] registry listener - ConnectionBasedClientManager

2023-10-29 21:26:36,609 INFO [ClientConnectionEventListenerRegistry] registry listener - ConnectionBasedClientManager

2023-10-29 21:26:47,849 INFO [ClientConnectionEventListenerRegistry] registry listener - ConnectionBasedClientManager

2023-10-29 21:26:58,779 INFO [ClientConnectionEventListenerRegistry] registry listener - ConnectionBasedClientManager

2023-10-29 21:27:09,785 INFO [ClientConnectionEventListenerRegistry] registry listener - ConnectionBasedClientManager

2023-10-29 21:27:20,961 INFO [ClientConnectionEventListenerRegistry] registry listener - ConnectionBasedClientManager

2023-10-29 21:27:32,427 INFO [ClientConnectionEventListenerRegistry] registry listener - ConnectionBasedClientManager

2023-10-29 21:27:43,662 INFO [ClientConnectionEventListenerRegistry] registry listener - ConnectionBasedClientManager

2023-10-29 21:27:54,990 INFO [ClientConnectionEventListenerRegistry] registry listener - ConnectionBasedClientManager

2023-10-29 21:28:06,202 INFO [ClientConnectionEventListenerRegistry] registry listener - ConnectionBasedClientManager

2023-10-29 21:28:17,497 INFO [ClientConnectionEventListenerRegistry] registry listener - ConnectionBasedClientManager

2023-10-29 21:28:28,689 INFO [ClientConnectionEventListenerRegistry] registry listener - ConnectionBasedClientManager

2023-10-29 21:28:39,820 INFO [ClientConnectionEventListenerRegistry] registry listener - ConnectionBasedClientManager

2023-10-29 21:28:51,698 INFO [ClientConnectionEventListenerRegistry] registry listener - ConnectionBasedClientManager

2023-10-29 21:29:03,256 INFO [ClientConnectionEventListenerRegistry] registry listener - ConnectionBasedClientManager

2023-10-29 21:29:14,248 INFO [ClientConnectionEventListenerRegistry] registry listener - ConnectionBasedClientManager

2023-10-29 21:29:39,304 INFO [ClientConnectionEventListenerRegistry] registry listener - ConnectionBasedClientManager

2023-10-29 21:29:50,304 INFO [ClientConnectionEventListenerRegistry] registry listener - ConnectionBasedClientManager

2023-10-29 21:30:01,919 INFO [ClientConnectionEventListenerRegistry] registry listener - ConnectionBasedClientManager

2023-10-29 21:30:13,325 INFO [ClientConnectionEventListenerRegistry] registry listener - ConnectionBasedClientManager

2023-10-29 21:30:24,690 INFO [ClientConnectionEventListenerRegistry] registry listener - ConnectionBasedClientManager

2023-10-29 21:36:59,364 INFO [ClientConnectionEventListenerRegistry] registry listener - ConnectionBasedClientManager

2023-10-29 21:37:10,173 INFO [ClientConnectionEventListenerRegistry] registry listener - ConnectionBasedClientManager

